[2024-03-30 16:41:32 +0000] [17427] [INFO] Starting gunicorn 21.2.0
[2024-03-30 16:41:32 +0000] [17427] [INFO] Listening at: http://127.0.0.1:8000 (17427)
[2024-03-30 16:41:32 +0000] [17427] [INFO] Using worker: sync
[2024-03-30 16:41:32 +0000] [17428] [INFO] Booting worker with pid: 17428
[2024-03-30 16:42:52 +0000] [17427] [INFO] Handling signal: int
[2024-03-30 16:42:52 +0000] [17428] [INFO] Worker exiting (pid: 17428)
[2024-03-30 16:43:17 +0000] [17427] [ERROR] Worker (pid:17428) was sent code 134!
[2024-03-30 16:43:17 +0000] [17427] [INFO] Shutting down: Master
[2024-03-30 16:43:48 +0000] [17494] [INFO] Starting gunicorn 21.2.0
[2024-03-30 16:43:48 +0000] [17494] [INFO] Listening at: http://127.0.0.1:8000 (17494)
[2024-03-30 16:43:48 +0000] [17494] [INFO] Using worker: sync
[2024-03-30 16:43:48 +0000] [17495] [INFO] Booting worker with pid: 17495
[2024-03-30 16:44:56 +0000] [17494] [INFO] Handling signal: winch
[2024-03-30 16:48:47 +0000] [17494] [INFO] Handling signal: winch
[2024-03-30 17:03:38 +0000] [17494] [INFO] Handling signal: int
[2024-03-30 17:03:39 +0000] [17495] [INFO] Worker exiting (pid: 17495)
[2024-03-30 17:03:40 +0000] [17494] [INFO] Shutting down: Master
[2024-03-30 18:42:38 +0000] [18446] [INFO] Starting gunicorn 21.2.0
[2024-03-30 18:42:38 +0000] [18446] [INFO] Listening at: http://127.0.0.1:8000 (18446)
[2024-03-30 18:42:38 +0000] [18446] [INFO] Using worker: sync
[2024-03-30 18:42:38 +0000] [18447] [INFO] Booting worker with pid: 18447
[2024-03-30 18:44:14 +0000] [18446] [INFO] Handling signal: int
[2024-03-30 18:44:15 +0000] [18447] [INFO] Worker exiting (pid: 18447)
[2024-03-30 18:44:16 +0000] [18446] [INFO] Shutting down: Master
